<?xml version="1.0" encoding="UTF-8"?>
<!-- Generated by org.testng.reporters.JUnitXMLReporter -->
<testsuite ignored="3" hostname="DESKTOP-5LH8LL2" failures="0" tests="3" name="Test-1" time="0.133" errors="0" timestamp="2022-03-22T17:26:58 GMT-07:00">
  <testcase classname="testng.attributepractice" name="attribut" time="0.013"/>
  <testcase classname="testng.attributepractice" name="homepage" time="0.01"/>
  <testcase classname="testng.Sample2" name="aa" time="0.012"/>
  <testcase classname="testng.attributepractice" name="signin" time="0.0">
    <ignored/>
  </testcase> <!-- signin -->
  <testcase classname="testng.Sample2" name="page" time="0.0">
    <ignored/>
  </testcase> <!-- page -->
  <testcase classname="testng.attributepractice" name="logout" time="0.0">
    <ignored/>
  </testcase> <!-- logout -->
</testsuite> <!-- Test-1 -->
