<?xml version="1.0" encoding="UTF-8"?>
<!-- Generated by org.testng.reporters.JUnitReportReporter -->
<testsuite hostname="DESKTOP-5LH8LL2" failures="0" tests="1" name="waitss.fluentwait" time="14.587" errors="0" timestamp="2022-04-04T15:02:34 GMT-07:00" skipped="0">
  <testcase classname="waitss.fluentwait" name="alert" time="14.587"/>
  <system-out/>
</testsuite> <!-- waitss.fluentwait -->
