<?xml version="1.0" encoding="UTF-8"?>
<!-- Generated by org.testng.reporters.JUnitReportReporter -->
<testsuite hostname="DESKTOP-5LH8LL2" failures="0" tests="2" name="testng.Detaprovider3" time="42.846" errors="0" timestamp="2022-03-28T21:24:57 GMT-07:00" skipped="0">
  <testcase classname="testng.Detaprovider3" name="login" time="16.190"/>
  <system-out/>
  <testcase classname="testng.Detaprovider3" name="login" time="26.656"/>
  <system-out/>
</testsuite> <!-- testng.Detaprovider3 -->
