<?xml version="1.0" encoding="UTF-8"?>
<!-- Generated by org.testng.reporters.JUnitReportReporter -->
<testsuite hostname="DESKTOP-5LH8LL2" failures="0" tests="2" name="testng.NewTestdd" time="0.004" errors="0" timestamp="2022-03-28T16:22:52 GMT-07:00" skipped="0">
  <testcase classname="testng.NewTestdd" name="jaiho" time="0.002"/>
  <system-out/>
  <testcase classname="testng.NewTestdd" name="wayto" time="0.002"/>
  <system-out/>
</testsuite> <!-- testng.NewTestdd -->
