<?xml version="1.0" encoding="UTF-8"?>
<!-- Generated by org.testng.reporters.JUnitReportReporter -->
<testsuite hostname="DESKTOP-5LH8LL2" failures="0" tests="2" name="testng.Sample2" time="0.011" errors="0" timestamp="2022-03-28T16:22:52 GMT-07:00" skipped="0">
  <testcase classname="testng.Sample2" name="aa" time="0.008"/>
  <system-out/>
  <testcase classname="testng.Sample2" name="page" time="0.003"/>
  <system-out/>
</testsuite> <!-- testng.Sample2 -->
