<?xml version="1.0" encoding="UTF-8"?>
<!-- Generated by org.testng.reporters.JUnitReportReporter -->
<testsuite hostname="DESKTOP-5LH8LL2" failures="0" tests="1" name="testng.Parallel" time="2.224" errors="0" timestamp="2022-03-28T16:22:52 GMT-07:00" skipped="0">
  <testcase classname="testng.Parallel" name="gettitle" time="2.224"/>
  <system-out/>
</testsuite> <!-- testng.Parallel -->
