<?xml version="1.0" encoding="UTF-8"?>
<!-- Generated by org.testng.reporters.JUnitReportReporter -->
<testsuite hostname="DESKTOP-5LH8LL2" failures="0" tests="1" name="testng.jaiho" time="25.961" errors="0" timestamp="2022-03-21T17:17:20 GMT-07:00" skipped="0">
  <testcase classname="testng.jaiho" name="login" time="25.961"/>
  <system-out/>
</testsuite> <!-- testng.jaiho -->
