<?xml version="1.0" encoding="UTF-8"?>
<!-- Generated by org.testng.reporters.JUnitReportReporter -->
<testsuite hostname="DESKTOP-5LH8LL2" failures="0" tests="2" name="Duplicate.Listeners" time="1.242" errors="0" timestamp="2022-03-30T22:26:57 GMT-07:00" skipped="0">
  <testcase classname="Duplicate.Listeners" name="gettitle" time="1.228"/>
  <system-out/>
  <testcase classname="Duplicate.Listeners" name="geturl" time="0.014"/>
  <system-out/>
</testsuite> <!-- Duplicate.Listeners -->
