<?xml version="1.0" encoding="UTF-8"?>
<!-- Generated by org.testng.reporters.JUnitReportReporter -->
<testsuite hostname="DESKTOP-5LH8LL2" failures="0" tests="2" name="testng.listener2" time="1.082" errors="0" timestamp="2022-03-28T23:30:50 GMT-07:00" skipped="0">
  <testcase classname="testng.listener2" name="login" time="0.477"/>
  <system-out/>
  <testcase classname="testng.listener2" name="logi" time="0.605"/>
  <system-out/>
</testsuite> <!-- testng.listener2 -->
