<?xml version="1.0" encoding="UTF-8"?>
<!-- Generated by org.testng.reporters.JUnitReportReporter -->
<testsuite hostname="DESKTOP-5LH8LL2" failures="0" tests="1" name="pomclass.LostTest" time="12.770" errors="0" timestamp="2022-04-08T14:22:33 GMT-07:00" skipped="0">
  <testcase classname="pomclass.LostTest" name="m1" time="12.770"/>
  <system-out/>
</testsuite> <!-- pomclass.LostTest -->
