<?xml version="1.0" encoding="UTF-8"?>
<!-- Generated by org.testng.reporters.JUnitReportReporter -->
<testsuite hostname="DESKTOP-5LH8LL2" failures="0" tests="2" name="Duplicate.Group10" time="0.138" errors="0" timestamp="2022-03-29T13:55:21 GMT-07:00" skipped="0">
  <testcase classname="Duplicate.Group10" name="gettitle" time="0.119"/>
  <system-out/>
  <testcase classname="Duplicate.Group10" name="geturl" time="0.019"/>
  <system-out/>
</testsuite> <!-- Duplicate.Group10 -->
