<?xml version="1.0" encoding="UTF-8"?>
<!-- Generated by org.testng.reporters.JUnitReportReporter -->
<testsuite hostname="DESKTOP-5LH8LL2" failures="0" tests="4" name="testng.NewTest1" time="0.009" errors="0" timestamp="2022-03-28T16:22:51 GMT-07:00" skipped="0">
  <testcase classname="testng.NewTest1" name="Sampletest" time="0.002"/>
  <system-out/>
  <testcase classname="testng.NewTest1" name="sample3" time="0.001"/>
  <system-out/>
  <testcase classname="testng.NewTest1" name="Sample1" time="0.004"/>
  <system-out/>
  <testcase classname="testng.NewTest1" name="Sample2" time="0.002"/>
  <system-out/>
</testsuite> <!-- testng.NewTest1 -->
