<?xml version="1.0" encoding="UTF-8"?>
<!-- Generated by org.testng.reporters.JUnitReportReporter -->
<testsuite hostname="DESKTOP-5LH8LL2" failures="0" tests="4" name="testng.attributepractice" time="6.016" errors="0" timestamp="2022-03-28T16:22:52 GMT-07:00" skipped="0">
  <testcase classname="testng.attributepractice" name="attribut" time="0.002"/>
  <system-out/>
  <testcase classname="testng.attributepractice" name="logout" time="0.003"/>
  <system-out/>
  <testcase classname="testng.attributepractice" name="homepage" time="0.001"/>
  <system-out/>
  <testcase classname="testng.attributepractice" name="signin" time="6.010"/>
  <system-out/>
</testsuite> <!-- testng.attributepractice -->
