<?xml version="1.0" encoding="UTF-8"?>
<!-- Generated by org.testng.reporters.JUnitReportReporter -->
<testsuite hostname="DESKTOP-5LH8LL2" failures="0" tests="1" name="pomclass.Logintest" time="4.862" errors="0" timestamp="2022-04-08T11:33:20 GMT-07:00" skipped="0">
  <testcase classname="pomclass.Logintest" name="login" time="4.862"/>
  <system-out/>
</testsuite> <!-- pomclass.Logintest -->
